<?xml version="1.0" encoding="UTF-8"?>
<testsuite name="agh.ics.oop.GrassFieldTest" tests="5" skipped="0" failures="0" errors="0" timestamp="2021-12-05T16:38:53" hostname="MSI" time="0.053">
  <properties/>
  <testcase name="objectAtTest()" classname="agh.ics.oop.GrassFieldTest" time="0.03"/>
  <testcase name="placeExepctionTest()" classname="agh.ics.oop.GrassFieldTest" time="0.013"/>
  <testcase name="isOccupiedTest()" classname="agh.ics.oop.GrassFieldTest" time="0.002"/>
  <testcase name="canMoveTest()" classname="agh.ics.oop.GrassFieldTest" time="0.002"/>
  <testcase name="placeTest()" classname="agh.ics.oop.GrassFieldTest" time="0.001"/>
  <system-out><![CDATA[]]></system-out>
  <system-err><![CDATA[]]></system-err>
</testsuite>
