<?xml version="1.0" encoding="UTF-8"?>
<testsuite name="agh.ics.oop.AnimalTest" tests="3" skipped="0" failures="0" errors="0" timestamp="2021-11-05T17:48:03" hostname="MSI" time="0.035">
  <properties/>
  <testcase name="orientationTest()" classname="agh.ics.oop.AnimalTest" time="0.028"/>
  <testcase name="praseTest()" classname="agh.ics.oop.AnimalTest" time="0.003"/>
  <testcase name="positionTest()" classname="agh.ics.oop.AnimalTest" time="0.003"/>
  <system-out><![CDATA[(2,2) zwrĂłcony na PĂłĹ‚noc
(2,2) zwrĂłcony na WSCHOD
(3,2) zwrĂłcony na WSCHOD
(3,2) zwrĂłcony na PoĹ‚udnie
(2,2) zwrĂłcony na PĂłĹ‚noc
(2,2) zwrĂłcony na WSCHOD
(3,2) zwrĂłcony na WSCHOD
(3,2) zwrĂłcony na PoĹ‚udnie
(3,3) zwrĂłcony na PoĹ‚udnie
(3,3) zwrĂłcony na WSCHOD
]]></system-out>
  <system-err><![CDATA[]]></system-err>
</testsuite>
