<?xml version="1.0" encoding="UTF-8"?>
<testsuite name="agh.ics.oop.GrassFieldTest" tests="4" skipped="0" failures="0" errors="0" timestamp="2021-11-21T15:03:30" hostname="MSI" time="0.03">
  <properties/>
  <testcase name="objectAtTest()" classname="agh.ics.oop.GrassFieldTest" time="0.025"/>
  <testcase name="isOccupiedTest()" classname="agh.ics.oop.GrassFieldTest" time="0.001"/>
  <testcase name="canMoveTest()" classname="agh.ics.oop.GrassFieldTest" time="0.001"/>
  <testcase name="placeTest()" classname="agh.ics.oop.GrassFieldTest" time="0.0"/>
  <system-out><![CDATA[]]></system-out>
  <system-err><![CDATA[]]></system-err>
</testsuite>
